{
    "ORBONE": [
        {
            "date": "290124175412",
            "mission": "ORBONE",
            "device_type": "device_3",
            "device_status": "unknown",
            "hash": "7350579a96e88e863cf2519d2a5645e6"
        },
        {
            "date": "290124175412",
            "mission": "ORBONE",
            "device_type": "device_3",
            "device_status": "good",
            "hash": "f45c8fbf7d3ff621f82510e1d1e0e33c"
        },
        {
            "date": "290124175412",
            "mission": "ORBONE",
            "device_type": "device_10",
            "device_status": "unknown",
            "hash": "5f48aaf813cb3beb46246d3930501a57"
        },
        {
            "date": "290124175412",
            "mission": "ORBONE",
            "device_type": "device_4",
            "device_status": "warning",
            "hash": "e9820ca784711af96e46fdf3f4f8eba6"
        },
        {
            "date": "290124175412",
            "mission": "ORBONE",
            "device_type": "device_3",
            "device_status": "warning",
            "hash": "37e7451a325ce3d6e2d92fc307a67830"
        },
        {
            "date": "290124175412",
            "mission": "ORBONE",
            "device_type": "device_6",
            "device_status": "unknown",
            "hash": "4b41a70202d385a90359d1d5bd267063"
        },
        {
            "date": "290124175412",
            "mission": "ORBONE",
            "device_type": "device_6",
            "device_status": "warning",
            "hash": "e1daa8745cc8592a2f1c4766e69fe933"
        },
        {
            "date": "290124175412",
            "mission": "ORBONE",
            "device_type": "device_9",
            "device_status": "good",
            "hash": "dc5a56ed2dee3f321e8c116fbc9cac6f"
        },
        {
            "date": "290124175412",
            "mission": "ORBONE",
            "device_type": "device_5",
            "device_status": "unknown",
            "hash": "2c7df515740763394a66879e17f4b091"
        },
        {
            "date": "290124175412",
            "mission": "ORBONE",
            "device_type": "device_2",
            "device_status": "warning",
            "hash": "f3affa4321eeefa2677a4fa8a65144e4"
        },
        {
            "date": "290124175412",
            "mission": "ORBONE",
            "device_type": "device_7",
            "device_status": "faulty",
            "hash": "a0182065c956d2874293c4ccbf38a53e"
        },
        {
            "date": "290124175412",
            "mission": "ORBONE",
            "device_type": "device_3",
            "device_status": "killed",
            "hash": "759a0fcd53eb3594ff0e04eba3c44fb2"
        },
        {
            "date": "290124175412",
            "mission": "ORBONE",
            "device_type": "device_6",
            "device_status": "faulty",
            "hash": "dcf248259d93522bbd329a6abdb11d10"
        }
    ]
}