{
    "ORBONE": [
        {
            "date": "290124175428",
            "mission": "ORBONE",
            "device_type": "device_5",
            "device_status": "unknown",
            "hash": "75c10548fc44254f23689510b7deef14"
        },
        {
            "date": "290124175428",
            "mission": "ORBONE",
            "device_type": "device_4",
            "device_status": "killed",
            "hash": "f34082212be5773c114bcfce1abb4db7"
        },
        {
            "date": "290124175428",
            "mission": "ORBONE",
            "device_type": "device_9",
            "device_status": "excellent",
            "hash": "494fc2954471305f3b822c1add61cb6b"
        },
        {
            "date": "290124175428",
            "mission": "ORBONE",
            "device_type": "device_9",
            "device_status": "excellent",
            "hash": "494fc2954471305f3b822c1add61cb6b"
        },
        {
            "date": "290124175428",
            "mission": "ORBONE",
            "device_type": "device_5",
            "device_status": "warning",
            "hash": "4c405567f255634aab223594ed7817b3"
        },
        {
            "date": "290124175428",
            "mission": "ORBONE",
            "device_type": "device_3",
            "device_status": "faulty",
            "hash": "ecae05bc531fdea117c418b7f2c5c616"
        },
        {
            "date": "290124175428",
            "mission": "ORBONE",
            "device_type": "device_10",
            "device_status": "unknown",
            "hash": "c08956812406521feeadd583ff89fa2b"
        },
        {
            "date": "290124175428",
            "mission": "ORBONE",
            "device_type": "device_5",
            "device_status": "excellent",
            "hash": "87e5658a953cb45e35211e0413d3bbc9"
        },
        {
            "date": "290124175428",
            "mission": "ORBONE",
            "device_type": "device_10",
            "device_status": "killed",
            "hash": "86ea4acc68c3449833c0f7c86aa15a76"
        },
        {
            "date": "290124175428",
            "mission": "ORBONE",
            "device_type": "device_8",
            "device_status": "unknown",
            "hash": "044b97d949a349a4e1bef334ffa258b3"
        }
    ]
}