{
    "ORBONE": [
        {
            "date": "290124175452",
            "mission": "ORBONE",
            "device_type": "device_3",
            "device_status": "good",
            "hash": "9c5013714526dbe694ff43511031e736"
        },
        {
            "date": "290124175452",
            "mission": "ORBONE",
            "device_type": "device_9",
            "device_status": "killed",
            "hash": "6bc4e114653277be0bcc6932c40d19a9"
        },
        {
            "date": "290124175452",
            "mission": "ORBONE",
            "device_type": "device_6",
            "device_status": "excellent",
            "hash": "4a2cc2b9d3711a96395a35e2e137f88c"
        },
        {
            "date": "290124175452",
            "mission": "ORBONE",
            "device_type": "device_6",
            "device_status": "faulty",
            "hash": "0dbea8b637219e3351b1dea6e69583f9"
        },
        {
            "date": "290124175452",
            "mission": "ORBONE",
            "device_type": "device_9",
            "device_status": "warning",
            "hash": "751a515140cb6ea76d889a81e3ef592a"
        },
        {
            "date": "290124175452",
            "mission": "ORBONE",
            "device_type": "device_3",
            "device_status": "excellent",
            "hash": "65532bbbda9d897ab6685015e95302c5"
        },
        {
            "date": "290124175452",
            "mission": "ORBONE",
            "device_type": "device_9",
            "device_status": "faulty",
            "hash": "9d30ad1ed1a72c2208cd49033c479702"
        },
        {
            "date": "290124175452",
            "mission": "ORBONE",
            "device_type": "device_2",
            "device_status": "excellent",
            "hash": "c984cee3abbfc18557ba4dbb1f202b76"
        },
        {
            "date": "290124175452",
            "mission": "ORBONE",
            "device_type": "device_5",
            "device_status": "excellent",
            "hash": "79b5f081633c3394dde2843461e4a90b"
        }
    ]
}