{
    "ORBONE": [
        {
            "date": "290124175038",
            "mission": "ORBONE",
            "device_type": "device_8",
            "device_status": "unknown",
            "hash": "9eccd2f25fab3de0c5dbd8daed8fa9d9"
        },
        {
            "date": "290124175038",
            "mission": "ORBONE",
            "device_type": "device_8",
            "device_status": "killed",
            "hash": "c6bc84bd189f0c0ed115faa1ac240988"
        },
        {
            "date": "290124175038",
            "mission": "ORBONE",
            "device_type": "device_10",
            "device_status": "faulty",
            "hash": "e95b06338756038725f7e7dbdb5450e0"
        },
        {
            "date": "290124175038",
            "mission": "ORBONE",
            "device_type": "device_7",
            "device_status": "excellent",
            "hash": "589e49bb9f6aec027f76f77b5f3cc94e"
        },
        {
            "date": "290124175038",
            "mission": "ORBONE",
            "device_type": "device_5",
            "device_status": "faulty",
            "hash": "e15d51965cab69b63e1b40e89c87b060"
        },
        {
            "date": "290124175038",
            "mission": "ORBONE",
            "device_type": "device_5",
            "device_status": "excellent",
            "hash": "bb38a0d5d627cea6ff2e1e9548971658"
        },
        {
            "date": "290124175038",
            "mission": "ORBONE",
            "device_type": "device_6",
            "device_status": "excellent",
            "hash": "4fe7c7d00278039e3218bf457b7eda6b"
        },
        {
            "date": "290124175038",
            "mission": "ORBONE",
            "device_type": "device_6",
            "device_status": "faulty",
            "hash": "a5fa00d69ed271f879e33ce4b2bea4be"
        },
        {
            "date": "290124175038",
            "mission": "ORBONE",
            "device_type": "device_10",
            "device_status": "unknown",
            "hash": "2a8938a18d57d848b1406e683e007c57"
        },
        {
            "date": "290124175038",
            "mission": "ORBONE",
            "device_type": "device_4",
            "device_status": "faulty",
            "hash": "6bf12a35135091d8f0c3a68de27216c3"
        },
        {
            "date": "290124175038",
            "mission": "ORBONE",
            "device_type": "device_10",
            "device_status": "warning",
            "hash": "5c221a836dd757da050f954d7d88cdeb"
        },
        {
            "date": "290124175038",
            "mission": "ORBONE",
            "device_type": "device_2",
            "device_status": "excellent",
            "hash": "e6c32a34dc8b4b63e17062cf032880f6"
        },
        {
            "date": "290124175038",
            "mission": "ORBONE",
            "device_type": "device_3",
            "device_status": "good",
            "hash": "4a1936cbdffbebf90d0eb205afa2e91b"
        },
        {
            "date": "290124175038",
            "mission": "ORBONE",
            "device_type": "device_7",
            "device_status": "faulty",
            "hash": "482d7909fcb353f940d2d38fbf9b5721"
        },
        {
            "date": "290124175038",
            "mission": "ORBONE",
            "device_type": "device_7",
            "device_status": "warning",
            "hash": "8c85f32153a3bd1ab4d6fe5052a46138"
        },
        {
            "date": "290124175038",
            "mission": "ORBONE",
            "device_type": "device_1",
            "device_status": "excellent",
            "hash": "fe4a4ece304d47d10946e52ea4e2029a"
        }
    ]
}