{
    "ORBONE": [
        {
            "date": "290124175403",
            "mission": "ORBONE",
            "device_type": "device_4",
            "device_status": "good",
            "hash": "1b15aa39cc2bfdad49ee3f3d352416cf"
        },
        {
            "date": "290124175403",
            "mission": "ORBONE",
            "device_type": "device_7",
            "device_status": "good",
            "hash": "98553b57637b63be083e35a636eeb1a8"
        },
        {
            "date": "290124175403",
            "mission": "ORBONE",
            "device_type": "device_4",
            "device_status": "unknown",
            "hash": "544f7bb05c24348dcc29c56801347586"
        },
        {
            "date": "290124175403",
            "mission": "ORBONE",
            "device_type": "device_4",
            "device_status": "unknown",
            "hash": "544f7bb05c24348dcc29c56801347586"
        },
        {
            "date": "290124175403",
            "mission": "ORBONE",
            "device_type": "device_2",
            "device_status": "unknown",
            "hash": "152b793b1d654c2961b30dd5fe1d824f"
        },
        {
            "date": "290124175403",
            "mission": "ORBONE",
            "device_type": "device_10",
            "device_status": "killed",
            "hash": "acf4903babee6b880251a17182d68658"
        },
        {
            "date": "290124175403",
            "mission": "ORBONE",
            "device_type": "device_1",
            "device_status": "killed",
            "hash": "0114449b925c76c8b9b4ada073e446b6"
        },
        {
            "date": "290124175403",
            "mission": "ORBONE",
            "device_type": "device_10",
            "device_status": "warning",
            "hash": "7e68dd439666af212c9f47008aa51499"
        },
        {
            "date": "290124175403",
            "mission": "ORBONE",
            "device_type": "device_7",
            "device_status": "unknown",
            "hash": "2ca0c209d1808cef382e66eb347e4e84"
        },
        {
            "date": "290124175403",
            "mission": "ORBONE",
            "device_type": "device_9",
            "device_status": "excellent",
            "hash": "0882e4443ac48580653b5f1b6cb5371d"
        },
        {
            "date": "290124175403",
            "mission": "ORBONE",
            "device_type": "device_2",
            "device_status": "unknown",
            "hash": "152b793b1d654c2961b30dd5fe1d824f"
        },
        {
            "date": "290124175403",
            "mission": "ORBONE",
            "device_type": "device_9",
            "device_status": "good",
            "hash": "dea144820c2b1819cb0f0fe3313e45a7"
        },
        {
            "date": "290124175403",
            "mission": "ORBONE",
            "device_type": "device_4",
            "device_status": "unknown",
            "hash": "544f7bb05c24348dcc29c56801347586"
        },
        {
            "date": "290124175403",
            "mission": "ORBONE",
            "device_type": "device_9",
            "device_status": "excellent",
            "hash": "0882e4443ac48580653b5f1b6cb5371d"
        },
        {
            "date": "290124175403",
            "mission": "ORBONE",
            "device_type": "device_2",
            "device_status": "faulty",
            "hash": "4ea3089f82ebb4dc6a7fe57c3ee4e11d"
        },
        {
            "date": "290124175403",
            "mission": "ORBONE",
            "device_type": "device_1",
            "device_status": "faulty",
            "hash": "21e8f72c6852d937bdc580c5dacc0f07"
        },
        {
            "date": "290124175403",
            "mission": "ORBONE",
            "device_type": "device_5",
            "device_status": "warning",
            "hash": "108048c80e74e02885643a2fb4e813df"
        }
    ]
}