{
    "ORBONE": [
        {
            "date": "290124175444",
            "mission": "ORBONE",
            "device_type": "device_7",
            "device_status": "warning",
            "hash": "3c6a2340d57daaab150a8194138ca013"
        },
        {
            "date": "290124175444",
            "mission": "ORBONE",
            "device_type": "device_2",
            "device_status": "killed",
            "hash": "a4a1c720ff2f17331b87350d6e98b0d5"
        },
        {
            "date": "290124175444",
            "mission": "ORBONE",
            "device_type": "device_10",
            "device_status": "warning",
            "hash": "c40dddb7632a2acb2959ea9ac937a15c"
        },
        {
            "date": "290124175444",
            "mission": "ORBONE",
            "device_type": "device_9",
            "device_status": "good",
            "hash": "822c36b4a2dfca5d0c41fbd8d0ba2976"
        },
        {
            "date": "290124175444",
            "mission": "ORBONE",
            "device_type": "device_4",
            "device_status": "warning",
            "hash": "80cfa47d805a047476b57268197e98e5"
        },
        {
            "date": "290124175444",
            "mission": "ORBONE",
            "device_type": "device_6",
            "device_status": "unknown",
            "hash": "60a2ae14feed486a8201f47211435732"
        },
        {
            "date": "290124175444",
            "mission": "ORBONE",
            "device_type": "device_2",
            "device_status": "good",
            "hash": "4b9840e4d773c9fc9fc403c8c5da5bc4"
        },
        {
            "date": "290124175444",
            "mission": "ORBONE",
            "device_type": "device_1",
            "device_status": "faulty",
            "hash": "a176620933367379b7d05fa0b9529921"
        },
        {
            "date": "290124175444",
            "mission": "ORBONE",
            "device_type": "device_6",
            "device_status": "warning",
            "hash": "e4c3e6d5df66bec334ef40ba8bc625ba"
        },
        {
            "date": "290124175444",
            "mission": "ORBONE",
            "device_type": "device_5",
            "device_status": "killed",
            "hash": "40c399f5ef06aa9bf23c4f391de7d83a"
        },
        {
            "date": "290124175444",
            "mission": "ORBONE",
            "device_type": "device_2",
            "device_status": "faulty",
            "hash": "69f28c3aea18ebbb772650bf4cf4fd8b"
        },
        {
            "date": "290124175444",
            "mission": "ORBONE",
            "device_type": "device_5",
            "device_status": "warning",
            "hash": "4705236544ffcc138ea5876709488226"
        },
        {
            "date": "290124175444",
            "mission": "ORBONE",
            "device_type": "device_8",
            "device_status": "faulty",
            "hash": "6570e7f8ed67f5ee517468f5c95db527"
        },
        {
            "date": "290124175444",
            "mission": "ORBONE",
            "device_type": "device_1",
            "device_status": "unknown",
            "hash": "c68add76a107d1d3232a3fb7bf56115c"
        },
        {
            "date": "290124175444",
            "mission": "ORBONE",
            "device_type": "device_5",
            "device_status": "excellent",
            "hash": "2fac869e9023517f5e5d57f7c73e2055"
        },
        {
            "date": "290124175444",
            "mission": "ORBONE",
            "device_type": "device_9",
            "device_status": "warning",
            "hash": "19ecba8d5e10da5a595a30ca5496ae4e"
        },
        {
            "date": "290124175444",
            "mission": "ORBONE",
            "device_type": "device_3",
            "device_status": "faulty",
            "hash": "e39edfadc19afc9fb3ef9a0fa6edfb77"
        },
        {
            "date": "290124175444",
            "mission": "ORBONE",
            "device_type": "device_10",
            "device_status": "warning",
            "hash": "c40dddb7632a2acb2959ea9ac937a15c"
        },
        {
            "date": "290124175444",
            "mission": "ORBONE",
            "device_type": "device_5",
            "device_status": "killed",
            "hash": "40c399f5ef06aa9bf23c4f391de7d83a"
        },
        {
            "date": "290124175444",
            "mission": "ORBONE",
            "device_type": "device_9",
            "device_status": "excellent",
            "hash": "0e01b7ddcf131b3c8cda1839954d8110"
        }
    ]
}