{
    "ORBONE": [
        {
            "date": "290124175420",
            "mission": "ORBONE",
            "device_type": "device_2",
            "device_status": "unknown",
            "hash": "1d63bc9c8f068314c88eaa9724959966"
        },
        {
            "date": "290124175420",
            "mission": "ORBONE",
            "device_type": "device_5",
            "device_status": "unknown",
            "hash": "a78990badc64f6ef78d0e87f55b35e5e"
        },
        {
            "date": "290124175420",
            "mission": "ORBONE",
            "device_type": "device_6",
            "device_status": "warning",
            "hash": "1a65ff982e9f73e949de44357d37c83b"
        },
        {
            "date": "290124175420",
            "mission": "ORBONE",
            "device_type": "device_3",
            "device_status": "excellent",
            "hash": "9f3638cc36a04204a6645f0ea5f591a2"
        },
        {
            "date": "290124175420",
            "mission": "ORBONE",
            "device_type": "device_1",
            "device_status": "faulty",
            "hash": "1b533f77bde7bb4ffc29d57e8988ad64"
        },
        {
            "date": "290124175420",
            "mission": "ORBONE",
            "device_type": "device_10",
            "device_status": "good",
            "hash": "9f5369af683fbed9a5ed43e0e424b5a3"
        },
        {
            "date": "290124175420",
            "mission": "ORBONE",
            "device_type": "device_10",
            "device_status": "excellent",
            "hash": "d7ef17dfa22851a8a55c0ed694027905"
        },
        {
            "date": "290124175420",
            "mission": "ORBONE",
            "device_type": "device_6",
            "device_status": "warning",
            "hash": "1a65ff982e9f73e949de44357d37c83b"
        },
        {
            "date": "290124175420",
            "mission": "ORBONE",
            "device_type": "device_4",
            "device_status": "killed",
            "hash": "d0d40b4d7de0fd1494bf35166cfa1675"
        },
        {
            "date": "290124175420",
            "mission": "ORBONE",
            "device_type": "device_1",
            "device_status": "unknown",
            "hash": "7b28173192683698a4e6c898db360fcb"
        },
        {
            "date": "290124175420",
            "mission": "ORBONE",
            "device_type": "device_5",
            "device_status": "good",
            "hash": "04d2dc644b502a2028cb665fea01a5a2"
        },
        {
            "date": "290124175420",
            "mission": "ORBONE",
            "device_type": "device_10",
            "device_status": "excellent",
            "hash": "d7ef17dfa22851a8a55c0ed694027905"
        },
        {
            "date": "290124175420",
            "mission": "ORBONE",
            "device_type": "device_1",
            "device_status": "unknown",
            "hash": "7b28173192683698a4e6c898db360fcb"
        },
        {
            "date": "290124175420",
            "mission": "ORBONE",
            "device_type": "device_9",
            "device_status": "good",
            "hash": "51ed0774ff3c844228ccbec24d43002e"
        },
        {
            "date": "290124175420",
            "mission": "ORBONE",
            "device_type": "device_3",
            "device_status": "good",
            "hash": "d86073cc2f00d9cf3b4484b6ad29817c"
        },
        {
            "date": "290124175420",
            "mission": "ORBONE",
            "device_type": "device_4",
            "device_status": "unknown",
            "hash": "8d65d691925d7885a61914262e1ff135"
        },
        {
            "date": "290124175420",
            "mission": "ORBONE",
            "device_type": "device_7",
            "device_status": "faulty",
            "hash": "eb0ce91e14db0a5c1ead7cf45632655a"
        },
        {
            "date": "290124175420",
            "mission": "ORBONE",
            "device_type": "device_4",
            "device_status": "good",
            "hash": "ef47dd7206b1e2d139fa80f4a86a42ab"
        }
    ]
}