{
    "ORBONE": [
        {
            "date": "290124175216",
            "mission": "ORBONE",
            "device_type": "device_9",
            "device_status": "killed",
            "hash": "149824b0de27822c86bbb2d2645e511e"
        },
        {
            "date": "290124175216",
            "mission": "ORBONE",
            "device_type": "device_10",
            "device_status": "good",
            "hash": "8da6db276390b3b093e0538cffd2bf73"
        },
        {
            "date": "290124175216",
            "mission": "ORBONE",
            "device_type": "device_8",
            "device_status": "warning",
            "hash": "0830b5de8848b36498c4bb9419d84450"
        },
        {
            "date": "290124175216",
            "mission": "ORBONE",
            "device_type": "device_3",
            "device_status": "killed",
            "hash": "16a751c937c929e986ff3c8524e32d0b"
        },
        {
            "date": "290124175216",
            "mission": "ORBONE",
            "device_type": "device_4",
            "device_status": "good",
            "hash": "f9795136ed9c2e964bbdea0c0e5821bd"
        },
        {
            "date": "290124175216",
            "mission": "ORBONE",
            "device_type": "device_4",
            "device_status": "warning",
            "hash": "b66422d57b287b008a77d3161d16efeb"
        },
        {
            "date": "290124175216",
            "mission": "ORBONE",
            "device_type": "device_4",
            "device_status": "warning",
            "hash": "b66422d57b287b008a77d3161d16efeb"
        },
        {
            "date": "290124175216",
            "mission": "ORBONE",
            "device_type": "device_2",
            "device_status": "good",
            "hash": "53fce8b376b1c2a4ed32f699e5fd5d0c"
        },
        {
            "date": "290124175216",
            "mission": "ORBONE",
            "device_type": "device_5",
            "device_status": "unknown",
            "hash": "1e2ae15be7e70032f3e3d408786fbbfa"
        },
        {
            "date": "290124175216",
            "mission": "ORBONE",
            "device_type": "device_5",
            "device_status": "good",
            "hash": "0fb33c6d9b5cc2a4d6c3822a873a2b87"
        },
        {
            "date": "290124175216",
            "mission": "ORBONE",
            "device_type": "device_6",
            "device_status": "faulty",
            "hash": "5f08d48424a454b42d9e2abcc5dba304"
        },
        {
            "date": "290124175216",
            "mission": "ORBONE",
            "device_type": "device_4",
            "device_status": "killed",
            "hash": "35b4ed1abaf548a964ec744aae229414"
        },
        {
            "date": "290124175216",
            "mission": "ORBONE",
            "device_type": "device_7",
            "device_status": "faulty",
            "hash": "4e816ed5f6fc1e41ee9258588fce6767"
        },
        {
            "date": "290124175216",
            "mission": "ORBONE",
            "device_type": "device_7",
            "device_status": "warning",
            "hash": "8d89265169f0d216b776b424f8c4749c"
        },
        {
            "date": "290124175216",
            "mission": "ORBONE",
            "device_type": "device_7",
            "device_status": "good",
            "hash": "6c7f64b34839f683a475eb7700b9e39f"
        }
    ]
}