{
    "TMRS": [
        {
            "date": "290124175428",
            "mission": "TMRS",
            "device_type": "device_5",
            "device_status": "warning",
            "hash": "817b365b0f3a2a9dfeb9887e52155f69"
        },
        {
            "date": "290124175428",
            "mission": "TMRS",
            "device_type": "device_7",
            "device_status": "killed",
            "hash": "c726ff45186e08726622735fdda92c1d"
        },
        {
            "date": "290124175428",
            "mission": "TMRS",
            "device_type": "device_8",
            "device_status": "warning",
            "hash": "9675a303fafabe3ce870de74920155a1"
        },
        {
            "date": "290124175428",
            "mission": "TMRS",
            "device_type": "device_1",
            "device_status": "warning",
            "hash": "d8405c2f1127d3303cc3e6b5f03dfafc"
        },
        {
            "date": "290124175428",
            "mission": "TMRS",
            "device_type": "device_3",
            "device_status": "warning",
            "hash": "ad5146459981e8982aac11d52cc9a868"
        },
        {
            "date": "290124175428",
            "mission": "TMRS",
            "device_type": "device_8",
            "device_status": "faulty",
            "hash": "020bc7d15f0ddf077a76f6a9d3fd2ba9"
        },
        {
            "date": "290124175428",
            "mission": "TMRS",
            "device_type": "device_2",
            "device_status": "faulty",
            "hash": "5bd55b9f5292087a3597d1c0ef86c2ef"
        },
        {
            "date": "290124175428",
            "mission": "TMRS",
            "device_type": "device_9",
            "device_status": "good",
            "hash": "6c095e1ed734b791882293e1ae2afbc7"
        },
        {
            "date": "290124175428",
            "mission": "TMRS",
            "device_type": "device_6",
            "device_status": "killed",
            "hash": "8617dcf910011463db64116356f8638b"
        },
        {
            "date": "290124175428",
            "mission": "TMRS",
            "device_type": "device_2",
            "device_status": "killed",
            "hash": "93678659b84ad08f907f15ac980924a1"
        },
        {
            "date": "290124175428",
            "mission": "TMRS",
            "device_type": "device_9",
            "device_status": "good",
            "hash": "6c095e1ed734b791882293e1ae2afbc7"
        },
        {
            "date": "290124175428",
            "mission": "TMRS",
            "device_type": "device_4",
            "device_status": "warning",
            "hash": "2b0c0c1b59a0830cb837bcb3803a0798"
        },
        {
            "date": "290124175428",
            "mission": "TMRS",
            "device_type": "device_9",
            "device_status": "warning",
            "hash": "bbd84dac5d3a25c0b6c4e4932a83aae3"
        }
    ]
}