{
    "TMRS": [
        {
            "date": "290124175444",
            "mission": "TMRS",
            "device_type": "device_1",
            "device_status": "warning",
            "hash": "295866c93ad1946e0d0f5dd1425b4d87"
        },
        {
            "date": "290124175444",
            "mission": "TMRS",
            "device_type": "device_6",
            "device_status": "excellent",
            "hash": "a5f3ad51d21106ce5ec31a3847e08005"
        },
        {
            "date": "290124175444",
            "mission": "TMRS",
            "device_type": "device_5",
            "device_status": "warning",
            "hash": "8af7afd465a3eeaab1fe830b1436b13c"
        },
        {
            "date": "290124175444",
            "mission": "TMRS",
            "device_type": "device_4",
            "device_status": "warning",
            "hash": "865121d34ad3e6f45413f29f339579dc"
        },
        {
            "date": "290124175444",
            "mission": "TMRS",
            "device_type": "device_9",
            "device_status": "killed",
            "hash": "0318371414179eac33dec550b605811d"
        },
        {
            "date": "290124175444",
            "mission": "TMRS",
            "device_type": "device_8",
            "device_status": "warning",
            "hash": "3a00ba0322a43d7a982ba1d15dd87df5"
        },
        {
            "date": "290124175444",
            "mission": "TMRS",
            "device_type": "device_4",
            "device_status": "warning",
            "hash": "865121d34ad3e6f45413f29f339579dc"
        },
        {
            "date": "290124175444",
            "mission": "TMRS",
            "device_type": "device_6",
            "device_status": "warning",
            "hash": "7b936f74a1265403d22996aa10a77218"
        },
        {
            "date": "290124175444",
            "mission": "TMRS",
            "device_type": "device_7",
            "device_status": "unknown",
            "hash": "eac811566913cf9ce0d446a8f10585d8"
        },
        {
            "date": "290124175444",
            "mission": "TMRS",
            "device_type": "device_8",
            "device_status": "good",
            "hash": "12a461ea9119890e0f05b951981516ef"
        },
        {
            "date": "290124175444",
            "mission": "TMRS",
            "device_type": "device_6",
            "device_status": "warning",
            "hash": "7b936f74a1265403d22996aa10a77218"
        },
        {
            "date": "290124175444",
            "mission": "TMRS",
            "device_type": "device_9",
            "device_status": "unknown",
            "hash": "3201331b6da426a8de3977c30293a7bf"
        },
        {
            "date": "290124175444",
            "mission": "TMRS",
            "device_type": "device_10",
            "device_status": "faulty",
            "hash": "0ff6f577cb9ce6fb985ce188b3206d6c"
        },
        {
            "date": "290124175444",
            "mission": "TMRS",
            "device_type": "device_5",
            "device_status": "unknown",
            "hash": "cf7fc8854d86ec65aca91fcb585c275b"
        },
        {
            "date": "290124175444",
            "mission": "TMRS",
            "device_type": "device_2",
            "device_status": "faulty",
            "hash": "5628296da94ef83a05d6337b307b9559"
        },
        {
            "date": "290124175444",
            "mission": "TMRS",
            "device_type": "device_3",
            "device_status": "killed",
            "hash": "5f494865858976f123e065da1fe95e6e"
        },
        {
            "date": "290124175444",
            "mission": "TMRS",
            "device_type": "device_10",
            "device_status": "unknown",
            "hash": "c7fcdef8ed07557302effb8e12a1896b"
        },
        {
            "date": "290124175444",
            "mission": "TMRS",
            "device_type": "device_8",
            "device_status": "excellent",
            "hash": "4dc488d164c630e2b0e257726ae0882c"
        },
        {
            "date": "290124175444",
            "mission": "TMRS",
            "device_type": "device_6",
            "device_status": "excellent",
            "hash": "a5f3ad51d21106ce5ec31a3847e08005"
        }
    ]
}