{
    "TMRS": [
        {
            "date": "290124175420",
            "mission": "TMRS",
            "device_type": "device_7",
            "device_status": "warning",
            "hash": "9b3c3991bfef3d8f1e3cd58705b9aa50"
        },
        {
            "date": "290124175420",
            "mission": "TMRS",
            "device_type": "device_2",
            "device_status": "faulty",
            "hash": "6e144fb2c63da149c229674529025bc2"
        },
        {
            "date": "290124175420",
            "mission": "TMRS",
            "device_type": "device_7",
            "device_status": "faulty",
            "hash": "91390125dec708396b910c17358b16c6"
        },
        {
            "date": "290124175420",
            "mission": "TMRS",
            "device_type": "device_9",
            "device_status": "faulty",
            "hash": "c7cfaf88e0a60f5613cbae5b4ce5fe7c"
        },
        {
            "date": "290124175420",
            "mission": "TMRS",
            "device_type": "device_7",
            "device_status": "faulty",
            "hash": "91390125dec708396b910c17358b16c6"
        },
        {
            "date": "290124175420",
            "mission": "TMRS",
            "device_type": "device_5",
            "device_status": "good",
            "hash": "6b49543e472eb12fa4841a24e486bb59"
        },
        {
            "date": "290124175420",
            "mission": "TMRS",
            "device_type": "device_9",
            "device_status": "killed",
            "hash": "03900227fc89d40f9055831cdcaae883"
        },
        {
            "date": "290124175420",
            "mission": "TMRS",
            "device_type": "device_8",
            "device_status": "warning",
            "hash": "30262d8639aaa2c18c8c5073761c77f7"
        },
        {
            "date": "290124175420",
            "mission": "TMRS",
            "device_type": "device_9",
            "device_status": "killed",
            "hash": "03900227fc89d40f9055831cdcaae883"
        },
        {
            "date": "290124175420",
            "mission": "TMRS",
            "device_type": "device_7",
            "device_status": "good",
            "hash": "a0481b907a871638bbd221e96d36c5e1"
        },
        {
            "date": "290124175420",
            "mission": "TMRS",
            "device_type": "device_3",
            "device_status": "unknown",
            "hash": "e65f0b768fc7feffc1b005fc11a1ef59"
        },
        {
            "date": "290124175420",
            "mission": "TMRS",
            "device_type": "device_3",
            "device_status": "excellent",
            "hash": "7d32f99c3e0e511baedfb84cbed957a6"
        },
        {
            "date": "290124175420",
            "mission": "TMRS",
            "device_type": "device_3",
            "device_status": "good",
            "hash": "a248d2bc940288ad45cc4997a32c2307"
        },
        {
            "date": "290124175420",
            "mission": "TMRS",
            "device_type": "device_8",
            "device_status": "good",
            "hash": "a4156b2f34c673e16e86f9f9d6feae31"
        },
        {
            "date": "290124175420",
            "mission": "TMRS",
            "device_type": "device_8",
            "device_status": "faulty",
            "hash": "5457c164b63e2d90bab1dedc5250023d"
        },
        {
            "date": "290124175420",
            "mission": "TMRS",
            "device_type": "device_2",
            "device_status": "excellent",
            "hash": "8514988fb432a6b70b2232779de633cf"
        }
    ]
}