{
    "TMRS": [
        {
            "date": "290124175216",
            "mission": "TMRS",
            "device_type": "device_4",
            "device_status": "faulty",
            "hash": "8036fd1932e853bec63450c95eee2598"
        },
        {
            "date": "290124175216",
            "mission": "TMRS",
            "device_type": "device_6",
            "device_status": "warning",
            "hash": "6246ad0f5829d4488428f338d082d77e"
        },
        {
            "date": "290124175216",
            "mission": "TMRS",
            "device_type": "device_2",
            "device_status": "good",
            "hash": "5bd50195c216994f74364b33bf1a5dbc"
        },
        {
            "date": "290124175216",
            "mission": "TMRS",
            "device_type": "device_2",
            "device_status": "unknown",
            "hash": "cf387032384bc0c1b534391ae3b63945"
        },
        {
            "date": "290124175216",
            "mission": "TMRS",
            "device_type": "device_7",
            "device_status": "excellent",
            "hash": "21d0f44f71c0705cb45d2b1ba96cdd13"
        },
        {
            "date": "290124175216",
            "mission": "TMRS",
            "device_type": "device_10",
            "device_status": "faulty",
            "hash": "3e40acda745ecf10df646013d82feb5f"
        },
        {
            "date": "290124175216",
            "mission": "TMRS",
            "device_type": "device_4",
            "device_status": "faulty",
            "hash": "8036fd1932e853bec63450c95eee2598"
        },
        {
            "date": "290124175216",
            "mission": "TMRS",
            "device_type": "device_1",
            "device_status": "killed",
            "hash": "a9a467875db4ff15c9e231ef49fd594e"
        },
        {
            "date": "290124175216",
            "mission": "TMRS",
            "device_type": "device_5",
            "device_status": "excellent",
            "hash": "49aa5abcd14ba87c12b06330d400f55e"
        },
        {
            "date": "290124175216",
            "mission": "TMRS",
            "device_type": "device_5",
            "device_status": "faulty",
            "hash": "9d011fe68be36aeaaf19378501dca508"
        },
        {
            "date": "290124175216",
            "mission": "TMRS",
            "device_type": "device_3",
            "device_status": "killed",
            "hash": "6ff91b22a1611a394a5b73ea6535bbad"
        },
        {
            "date": "290124175216",
            "mission": "TMRS",
            "device_type": "device_1",
            "device_status": "unknown",
            "hash": "a4d74a89cc36fb37ca3823d70b5dbc13"
        },
        {
            "date": "290124175216",
            "mission": "TMRS",
            "device_type": "device_10",
            "device_status": "killed",
            "hash": "3ed6a9cad538c2956305c4719f2c4a73"
        },
        {
            "date": "290124175216",
            "mission": "TMRS",
            "device_type": "device_8",
            "device_status": "unknown",
            "hash": "cb9c4b3b0fb89ee49bb4d9ffb9df9f05"
        },
        {
            "date": "290124175216",
            "mission": "TMRS",
            "device_type": "device_3",
            "device_status": "unknown",
            "hash": "33968f3979a66a3e36cde104a2ae62d6"
        },
        {
            "date": "290124175216",
            "mission": "TMRS",
            "device_type": "device_7",
            "device_status": "faulty",
            "hash": "c43141459f6b541536993ef119c54435"
        },
        {
            "date": "290124175216",
            "mission": "TMRS",
            "device_type": "device_7",
            "device_status": "faulty",
            "hash": "c43141459f6b541536993ef119c54435"
        },
        {
            "date": "290124175216",
            "mission": "TMRS",
            "device_type": "device_1",
            "device_status": "faulty",
            "hash": "5f48708f35894f0b64fb4f1f0fc44359"
        },
        {
            "date": "290124175216",
            "mission": "TMRS",
            "device_type": "device_5",
            "device_status": "unknown",
            "hash": "47caf0c200fa5762930a6f6aeb1052be"
        },
        {
            "date": "290124175216",
            "mission": "TMRS",
            "device_type": "device_6",
            "device_status": "good",
            "hash": "db8e6acf7ccb95b8b0251db67ec6e573"
        },
        {
            "date": "290124175216",
            "mission": "TMRS",
            "device_type": "device_7",
            "device_status": "good",
            "hash": "3c2b2b73bf2b72ec5c16a69c05aefbfa"
        },
        {
            "date": "290124175216",
            "mission": "TMRS",
            "device_type": "device_6",
            "device_status": "killed",
            "hash": "e948871c4d3fae1ff2dddce20f172fd0"
        },
        {
            "date": "290124175216",
            "mission": "TMRS",
            "device_type": "device_1",
            "device_status": "killed",
            "hash": "a9a467875db4ff15c9e231ef49fd594e"
        },
        {
            "date": "290124175216",
            "mission": "TMRS",
            "device_type": "device_4",
            "device_status": "good",
            "hash": "03e5c66da30b473575cb6714e37b00b6"
        },
        {
            "date": "290124175216",
            "mission": "TMRS",
            "device_type": "device_9",
            "device_status": "excellent",
            "hash": "7d8b6ec82f2d406e508f4d2531317a71"
        }
    ]
}