{
    "TMRS": [
        {
            "date": "290124175038",
            "mission": "TMRS",
            "device_type": "device_6",
            "device_status": "warning",
            "hash": "98bc7dc57536d976263925e4010f9567"
        },
        {
            "date": "290124175038",
            "mission": "TMRS",
            "device_type": "device_3",
            "device_status": "excellent",
            "hash": "d9bad0f3bcf710a0cda62461a1f0e5ca"
        },
        {
            "date": "290124175038",
            "mission": "TMRS",
            "device_type": "device_9",
            "device_status": "excellent",
            "hash": "276891066efdfc8084817d410f5f9320"
        },
        {
            "date": "290124175038",
            "mission": "TMRS",
            "device_type": "device_1",
            "device_status": "excellent",
            "hash": "857e383ddec987c1d196b0c4bea61376"
        },
        {
            "date": "290124175038",
            "mission": "TMRS",
            "device_type": "device_9",
            "device_status": "faulty",
            "hash": "3622b338d2394e5b28e7b52e7b222010"
        },
        {
            "date": "290124175038",
            "mission": "TMRS",
            "device_type": "device_6",
            "device_status": "killed",
            "hash": "726c16ebc10c586722e08fd461ecc529"
        },
        {
            "date": "290124175038",
            "mission": "TMRS",
            "device_type": "device_3",
            "device_status": "unknown",
            "hash": "1104ad062d9bffbcd24b3be8d68bede4"
        },
        {
            "date": "290124175038",
            "mission": "TMRS",
            "device_type": "device_10",
            "device_status": "faulty",
            "hash": "951551ef6421a46353497e69379bc87d"
        },
        {
            "date": "290124175038",
            "mission": "TMRS",
            "device_type": "device_6",
            "device_status": "faulty",
            "hash": "2df5970bb6c31e2dc2096a4426d719e0"
        },
        {
            "date": "290124175038",
            "mission": "TMRS",
            "device_type": "device_10",
            "device_status": "good",
            "hash": "270a6defeae037ae15eef427dad70823"
        },
        {
            "date": "290124175038",
            "mission": "TMRS",
            "device_type": "device_2",
            "device_status": "warning",
            "hash": "d053e936818d160f86ab2060a3ea301f"
        },
        {
            "date": "290124175038",
            "mission": "TMRS",
            "device_type": "device_3",
            "device_status": "faulty",
            "hash": "f8514430ae0b7eb32009df8cbc2c5a69"
        },
        {
            "date": "290124175038",
            "mission": "TMRS",
            "device_type": "device_7",
            "device_status": "faulty",
            "hash": "cf0317cd4c66485b48321957c0c95dee"
        },
        {
            "date": "290124175038",
            "mission": "TMRS",
            "device_type": "device_2",
            "device_status": "warning",
            "hash": "d053e936818d160f86ab2060a3ea301f"
        },
        {
            "date": "290124175038",
            "mission": "TMRS",
            "device_type": "device_1",
            "device_status": "killed",
            "hash": "3c6afe5ec80aebf698dc3edcfe527953"
        }
    ]
}