{
    "TMRS": [
        {
            "date": "290124175332",
            "mission": "TMRS",
            "device_type": "device_8",
            "device_status": "unknown",
            "hash": "ef17a052141109a4ff8f6f0761f7aec2"
        },
        {
            "date": "290124175332",
            "mission": "TMRS",
            "device_type": "device_7",
            "device_status": "faulty",
            "hash": "e41b1791b13b04252ed0d9fdd4f77773"
        },
        {
            "date": "290124175332",
            "mission": "TMRS",
            "device_type": "device_8",
            "device_status": "good",
            "hash": "9f2ce5d31b59bbaef2e0387c7bfed32d"
        },
        {
            "date": "290124175332",
            "mission": "TMRS",
            "device_type": "device_8",
            "device_status": "good",
            "hash": "9f2ce5d31b59bbaef2e0387c7bfed32d"
        },
        {
            "date": "290124175332",
            "mission": "TMRS",
            "device_type": "device_8",
            "device_status": "unknown",
            "hash": "ef17a052141109a4ff8f6f0761f7aec2"
        },
        {
            "date": "290124175332",
            "mission": "TMRS",
            "device_type": "device_10",
            "device_status": "warning",
            "hash": "6e9429ffc765ce39c6e3745e21fa98b0"
        },
        {
            "date": "290124175332",
            "mission": "TMRS",
            "device_type": "device_8",
            "device_status": "warning",
            "hash": "456a7c16c7b7e47aa6f57107307428b4"
        },
        {
            "date": "290124175332",
            "mission": "TMRS",
            "device_type": "device_8",
            "device_status": "killed",
            "hash": "35ed896c07cdaf6f2500f377a2cf1656"
        },
        {
            "date": "290124175332",
            "mission": "TMRS",
            "device_type": "device_8",
            "device_status": "faulty",
            "hash": "0abf9d71f3dfd36fee22558cbadafb17"
        },
        {
            "date": "290124175332",
            "mission": "TMRS",
            "device_type": "device_7",
            "device_status": "warning",
            "hash": "b173f54310f494af6acde9ce2aaa75ea"
        },
        {
            "date": "290124175332",
            "mission": "TMRS",
            "device_type": "device_3",
            "device_status": "good",
            "hash": "fe335f0bd89154d4a511590515815299"
        },
        {
            "date": "290124175332",
            "mission": "TMRS",
            "device_type": "device_6",
            "device_status": "unknown",
            "hash": "648135ad3475d4f65a639cf9f9d73a25"
        },
        {
            "date": "290124175332",
            "mission": "TMRS",
            "device_type": "device_2",
            "device_status": "warning",
            "hash": "555e13f474e788a3e642d8f69ac7fc05"
        },
        {
            "date": "290124175332",
            "mission": "TMRS",
            "device_type": "device_5",
            "device_status": "faulty",
            "hash": "e4124f24f744ba6113ab6367aa7f4c89"
        },
        {
            "date": "290124175332",
            "mission": "TMRS",
            "device_type": "device_7",
            "device_status": "warning",
            "hash": "b173f54310f494af6acde9ce2aaa75ea"
        },
        {
            "date": "290124175332",
            "mission": "TMRS",
            "device_type": "device_5",
            "device_status": "killed",
            "hash": "9d5084dd03f3ee4affcb383140a46d5a"
        },
        {
            "date": "290124175332",
            "mission": "TMRS",
            "device_type": "device_5",
            "device_status": "killed",
            "hash": "9d5084dd03f3ee4affcb383140a46d5a"
        },
        {
            "date": "290124175332",
            "mission": "TMRS",
            "device_type": "device_9",
            "device_status": "good",
            "hash": "a32c4ce403e39be5902167eafdf55ebe"
        },
        {
            "date": "290124175332",
            "mission": "TMRS",
            "device_type": "device_7",
            "device_status": "good",
            "hash": "b27b70d2e624a9ca9c804df9feafd7a6"
        },
        {
            "date": "290124175332",
            "mission": "TMRS",
            "device_type": "device_4",
            "device_status": "warning",
            "hash": "e654d29e08a983cc47cee25d390888b4"
        },
        {
            "date": "290124175332",
            "mission": "TMRS",
            "device_type": "device_2",
            "device_status": "excellent",
            "hash": "7571dfc27cb943cca7d5fbb910e42406"
        }
    ]
}