{
    "TMRS": [
        {
            "date": "290124175143",
            "mission": "TMRS",
            "device_type": "device_8",
            "device_status": "killed",
            "hash": "91822a81508a1e4cfdeb731c554a58cd"
        },
        {
            "date": "290124175143",
            "mission": "TMRS",
            "device_type": "device_8",
            "device_status": "unknown",
            "hash": "8c5d861a2ab964b770f30b33b6efe5da"
        },
        {
            "date": "290124175143",
            "mission": "TMRS",
            "device_type": "device_5",
            "device_status": "warning",
            "hash": "7485b3464ae31235f9cc07730a5dc10e"
        },
        {
            "date": "290124175143",
            "mission": "TMRS",
            "device_type": "device_10",
            "device_status": "good",
            "hash": "b5cd44a3cc818ab6fa307f9242cc6f18"
        },
        {
            "date": "290124175143",
            "mission": "TMRS",
            "device_type": "device_1",
            "device_status": "killed",
            "hash": "5b5e8dc7edc469e194cbc0b431eed4e1"
        },
        {
            "date": "290124175143",
            "mission": "TMRS",
            "device_type": "device_7",
            "device_status": "good",
            "hash": "9e9b8ab5957370007a1503b63b2f9b56"
        },
        {
            "date": "290124175143",
            "mission": "TMRS",
            "device_type": "device_10",
            "device_status": "excellent",
            "hash": "a589b64d7b4b32eac8079239a5b87ca0"
        },
        {
            "date": "290124175143",
            "mission": "TMRS",
            "device_type": "device_10",
            "device_status": "good",
            "hash": "b5cd44a3cc818ab6fa307f9242cc6f18"
        },
        {
            "date": "290124175143",
            "mission": "TMRS",
            "device_type": "device_1",
            "device_status": "excellent",
            "hash": "975cf20beccf4594f403c23ac093cd86"
        },
        {
            "date": "290124175143",
            "mission": "TMRS",
            "device_type": "device_7",
            "device_status": "unknown",
            "hash": "a2cdb98e1ecafd04aace982868e2d22e"
        },
        {
            "date": "290124175143",
            "mission": "TMRS",
            "device_type": "device_1",
            "device_status": "unknown",
            "hash": "c581215c37f85f6760c5acf9f9268ea6"
        },
        {
            "date": "290124175143",
            "mission": "TMRS",
            "device_type": "device_7",
            "device_status": "unknown",
            "hash": "a2cdb98e1ecafd04aace982868e2d22e"
        }
    ]
}