{
    "TMRS": [
        {
            "date": "290124175452",
            "mission": "TMRS",
            "device_type": "device_2",
            "device_status": "faulty",
            "hash": "615de6c7041c9008c4f8a4038627250a"
        },
        {
            "date": "290124175452",
            "mission": "TMRS",
            "device_type": "device_2",
            "device_status": "unknown",
            "hash": "b1d425cc2698480a932aeb0085c14280"
        },
        {
            "date": "290124175452",
            "mission": "TMRS",
            "device_type": "device_3",
            "device_status": "good",
            "hash": "9a1ed5471bd095d0994e9d7e633dc4e2"
        },
        {
            "date": "290124175452",
            "mission": "TMRS",
            "device_type": "device_8",
            "device_status": "killed",
            "hash": "efdc63f8995b8ba44adc7333822a2dae"
        },
        {
            "date": "290124175452",
            "mission": "TMRS",
            "device_type": "device_2",
            "device_status": "good",
            "hash": "7bb0637579b3f19cec1767265240502a"
        },
        {
            "date": "290124175452",
            "mission": "TMRS",
            "device_type": "device_6",
            "device_status": "warning",
            "hash": "143d31f0578a61f3673349dcace0f148"
        },
        {
            "date": "290124175452",
            "mission": "TMRS",
            "device_type": "device_6",
            "device_status": "good",
            "hash": "46331ea16a64a8f2909163fd59969baa"
        },
        {
            "date": "290124175452",
            "mission": "TMRS",
            "device_type": "device_9",
            "device_status": "excellent",
            "hash": "1b0a2e4e4d361df33569ee52f7f45748"
        },
        {
            "date": "290124175452",
            "mission": "TMRS",
            "device_type": "device_1",
            "device_status": "excellent",
            "hash": "9266c013d541c662c04309fdb551a184"
        },
        {
            "date": "290124175452",
            "mission": "TMRS",
            "device_type": "device_7",
            "device_status": "unknown",
            "hash": "4d14d8bd597888ca37e2ea06d98eb860"
        },
        {
            "date": "290124175452",
            "mission": "TMRS",
            "device_type": "device_3",
            "device_status": "killed",
            "hash": "d33e20e838c7ea99607750ed11c4f4cf"
        },
        {
            "date": "290124175452",
            "mission": "TMRS",
            "device_type": "device_9",
            "device_status": "faulty",
            "hash": "4b4d164801b3e4329c916ffc5c0effae"
        },
        {
            "date": "290124175452",
            "mission": "TMRS",
            "device_type": "device_1",
            "device_status": "good",
            "hash": "e67ef6f6ca2d1938cd10c7ce32c79985"
        },
        {
            "date": "290124175452",
            "mission": "TMRS",
            "device_type": "device_1",
            "device_status": "unknown",
            "hash": "5a05dbb299c96193f286886947c91cbd"
        },
        {
            "date": "290124175452",
            "mission": "TMRS",
            "device_type": "device_2",
            "device_status": "excellent",
            "hash": "fae8ce8a6c370210a454195417629cef"
        },
        {
            "date": "290124175452",
            "mission": "TMRS",
            "device_type": "device_6",
            "device_status": "unknown",
            "hash": "a359c71f3365396973f7c802fae05d5b"
        },
        {
            "date": "290124175452",
            "mission": "TMRS",
            "device_type": "device_6",
            "device_status": "faulty",
            "hash": "e55cd9a1a95f3df374fad98730e88565"
        },
        {
            "date": "290124175452",
            "mission": "TMRS",
            "device_type": "device_7",
            "device_status": "unknown",
            "hash": "4d14d8bd597888ca37e2ea06d98eb860"
        }
    ]
}